Determining if the pthread_create exist failed with the following output:
Change Dir: /home/brandons/tarea4/build/CMakeFiles/CMakeTmp

Run Build Command:"/usr/bin/make" "cmTC_3d2dc/fast"
/usr/bin/make -f CMakeFiles/cmTC_3d2dc.dir/build.make CMakeFiles/cmTC_3d2dc.dir/build
make[1]: Entering directory '/home/brandons/tarea4/build/CMakeFiles/CMakeTmp'
Building C object CMakeFiles/cmTC_3d2dc.dir/CheckSymbolExists.c.o
/usr/bin/cc    -o CMakeFiles/cmTC_3d2dc.dir/CheckSymbolExists.c.o   -c /home/brandons/tarea4/build/CMakeFiles/CMakeTmp/CheckSymbolExists.c
Linking C executable cmTC_3d2dc
/usr/bin/cmake -E cmake_link_script CMakeFiles/cmTC_3d2dc.dir/link.txt --verbose=1
/usr/bin/cc      -rdynamic CMakeFiles/cmTC_3d2dc.dir/CheckSymbolExists.c.o  -o cmTC_3d2dc 
CMakeFiles/cmTC_3d2dc.dir/CheckSymbolExists.c.o: In function `main':
CheckSymbolExists.c:(.text+0x1b): undefined reference to `pthread_create'
collect2: error: ld returned 1 exit status
CMakeFiles/cmTC_3d2dc.dir/build.make:97: recipe for target 'cmTC_3d2dc' failed
make[1]: *** [cmTC_3d2dc] Error 1
make[1]: Leaving directory '/home/brandons/tarea4/build/CMakeFiles/CMakeTmp'
Makefile:126: recipe for target 'cmTC_3d2dc/fast' failed
make: *** [cmTC_3d2dc/fast] Error 2

File /home/brandons/tarea4/build/CMakeFiles/CMakeTmp/CheckSymbolExists.c:
/* */
#include <pthread.h>

int main(int argc, char** argv)
{
  (void)argv;
#ifndef pthread_create
  return ((int*)(&pthread_create))[argc];
#else
  (void)argc;
  return 0;
#endif
}

Determining if the function pthread_create exists in the pthreads failed with the following output:
Change Dir: /home/brandons/tarea4/build/CMakeFiles/CMakeTmp

Run Build Command:"/usr/bin/make" "cmTC_7c52f/fast"
/usr/bin/make -f CMakeFiles/cmTC_7c52f.dir/build.make CMakeFiles/cmTC_7c52f.dir/build
make[1]: Entering directory '/home/brandons/tarea4/build/CMakeFiles/CMakeTmp'
Building C object CMakeFiles/cmTC_7c52f.dir/CheckFunctionExists.c.o
/usr/bin/cc   -DCHECK_FUNCTION_EXISTS=pthread_create   -o CMakeFiles/cmTC_7c52f.dir/CheckFunctionExists.c.o   -c /usr/share/cmake-3.10/Modules/CheckFunctionExists.c
Linking C executable cmTC_7c52f
/usr/bin/cmake -E cmake_link_script CMakeFiles/cmTC_7c52f.dir/link.txt --verbose=1
/usr/bin/cc  -DCHECK_FUNCTION_EXISTS=pthread_create    -rdynamic CMakeFiles/cmTC_7c52f.dir/CheckFunctionExists.c.o  -o cmTC_7c52f -lpthreads 
/usr/bin/ld: cannot find -lpthreads
collect2: error: ld returned 1 exit status
CMakeFiles/cmTC_7c52f.dir/build.make:97: recipe for target 'cmTC_7c52f' failed
make[1]: *** [cmTC_7c52f] Error 1
make[1]: Leaving directory '/home/brandons/tarea4/build/CMakeFiles/CMakeTmp'
Makefile:126: recipe for target 'cmTC_7c52f/fast' failed
make: *** [cmTC_7c52f/fast] Error 2


